e:\vs2013程序清单\csactivex--isafeobject\csactivex\debug\csactivex.pch
e:\vs2013程序清单\csactivex--isafeobject\csactivex\debug\vc120.pdb
e:\vs2013程序清单\csactivex--isafeobject\csactivex\debug\vc120.idb
e:\vs2013程序清单\csactivex--isafeobject\csactivex\debug\stdafx.obj
e:\vs2013程序清单\csactivex--isafeobject\csactivex\debug\csactivex.obj
e:\vs2013程序清单\csactivex--isafeobject\csactivex\debug\csactivexctrl.obj
e:\vs2013程序清单\csactivex--isafeobject\csactivex\debug\csactivexproppage.obj
e:\vs2013程序清单\csactivex--isafeobject\debug\csactivex.lib
e:\vs2013程序清单\csactivex--isafeobject\debug\csactivex.exp
e:\vs2013程序清单\csactivex--isafeobject\debug\csactivex.ilk
e:\vs2013程序清单\csactivex--isafeobject\debug\csactivex.ocx
e:\vs2013程序清单\csactivex--isafeobject\debug\csactivex.pdb
e:\vs2013程序清单\csactivex--isafeobject\csactivex\debug\csactivex.tlb
e:\vs2013程序清单\csactivex--isafeobject\csactivex\csactivex_i.c
e:\vs2013程序清单\csactivex--isafeobject\csactivex\csactivexidl.h
e:\vs2013程序清单\csactivex--isafeobject\csactivex\debug\csactivex.res
e:\vs2013程序清单\csactivex--isafeobject\csactivex\debug\csactivex.tlog\cl.command.1.tlog
e:\vs2013程序清单\csactivex--isafeobject\csactivex\debug\csactivex.tlog\cl.read.1.tlog
e:\vs2013程序清单\csactivex--isafeobject\csactivex\debug\csactivex.tlog\cl.write.1.tlog
e:\vs2013程序清单\csactivex--isafeobject\csactivex\debug\csactivex.tlog\csactivex.write.1u.tlog
e:\vs2013程序清单\csactivex--isafeobject\csactivex\debug\csactivex.tlog\link.command.1.tlog
e:\vs2013程序清单\csactivex--isafeobject\csactivex\debug\csactivex.tlog\link.read.1.tlog
e:\vs2013程序清单\csactivex--isafeobject\csactivex\debug\csactivex.tlog\link.write.1.tlog
e:\vs2013程序清单\csactivex--isafeobject\csactivex\debug\csactivex.tlog\midl.command.1.tlog
e:\vs2013程序清单\csactivex--isafeobject\csactivex\debug\csactivex.tlog\midl.read.1.tlog
e:\vs2013程序清单\csactivex--isafeobject\csactivex\debug\csactivex.tlog\midl.write.1.tlog
e:\vs2013程序清单\csactivex--isafeobject\csactivex\debug\csactivex.tlog\rc.command.1.tlog
e:\vs2013程序清单\csactivex--isafeobject\csactivex\debug\csactivex.tlog\rc.read.1.tlog
e:\vs2013程序清单\csactivex--isafeobject\csactivex\debug\csactivex.tlog\rc.write.1.tlog
