e:\vs2013程序清单\csactivex--isafeobject\csactivex\release\csactivex.pch
e:\vs2013程序清单\csactivex--isafeobject\csactivex\release\vc120.pdb
e:\vs2013程序清单\csactivex--isafeobject\csactivex\release\stdafx.obj
e:\vs2013程序清单\csactivex--isafeobject\csactivex\release\csactivexproppage.obj
e:\vs2013程序清单\csactivex--isafeobject\csactivex\release\csactivexctrl.obj
e:\vs2013程序清单\csactivex--isafeobject\csactivex\release\csactivex.obj
e:\vs2013程序清单\csactivex--isafeobject\release\csactivex.lib
e:\vs2013程序清单\csactivex--isafeobject\release\csactivex.exp
e:\vs2013程序清单\csactivex--isafeobject\release\csactivex.ocx
e:\vs2013程序清单\csactivex--isafeobject\release\csactivex.pdb
e:\vs2013程序清单\csactivex--isafeobject\csactivex\release\csactivex.tlb
e:\vs2013程序清单\csactivex--isafeobject\csactivex\csactivex_i.c
e:\vs2013程序清单\csactivex--isafeobject\csactivex\csactivexidl.h
e:\vs2013程序清单\csactivex--isafeobject\csactivex\release\csactivex.res
e:\vs2013程序清单\csactivex--isafeobject\csactivex\release\csactivex.tlog\cl.command.1.tlog
e:\vs2013程序清单\csactivex--isafeobject\csactivex\release\csactivex.tlog\cl.read.1.tlog
e:\vs2013程序清单\csactivex--isafeobject\csactivex\release\csactivex.tlog\cl.write.1.tlog
e:\vs2013程序清单\csactivex--isafeobject\csactivex\release\csactivex.tlog\csactivex.write.1u.tlog
e:\vs2013程序清单\csactivex--isafeobject\csactivex\release\csactivex.tlog\link.command.1.tlog
e:\vs2013程序清单\csactivex--isafeobject\csactivex\release\csactivex.tlog\link.read.1.tlog
e:\vs2013程序清单\csactivex--isafeobject\csactivex\release\csactivex.tlog\link.write.1.tlog
e:\vs2013程序清单\csactivex--isafeobject\csactivex\release\csactivex.tlog\midl.command.1.tlog
e:\vs2013程序清单\csactivex--isafeobject\csactivex\release\csactivex.tlog\midl.read.1.tlog
e:\vs2013程序清单\csactivex--isafeobject\csactivex\release\csactivex.tlog\midl.write.1.tlog
e:\vs2013程序清单\csactivex--isafeobject\csactivex\release\csactivex.tlog\rc.command.1.tlog
e:\vs2013程序清单\csactivex--isafeobject\csactivex\release\csactivex.tlog\rc.read.1.tlog
e:\vs2013程序清单\csactivex--isafeobject\csactivex\release\csactivex.tlog\rc.write.1.tlog
